Performing C SOURCE FILE Test CMAKE_HAVE_LIBC_PTHREAD failed with the following output:
Change Dir: /data1/victchen/single_round_banpick/build/CMakeFiles/CMakeTmp

Run Build Command(s):/usr/bin/gmake cmTC_3fed0/fast && /usr/bin/gmake -f CMakeFiles/cmTC_3fed0.dir/build.make CMakeFiles/cmTC_3fed0.dir/build
gmake[1]: Entering directory `/data1/victchen/single_round_banpick/build/CMakeFiles/CMakeTmp'
Building C object CMakeFiles/cmTC_3fed0.dir/src.c.o
/usr/bin/cc   -fPIC  -DCMAKE_HAVE_LIBC_PTHREAD   -o CMakeFiles/cmTC_3fed0.dir/src.c.o   -c /data1/victchen/single_round_banpick/build/CMakeFiles/CMakeTmp/src.c
Linking C executable cmTC_3fed0
/usr/local/lib/python3.5/site-packages/cmake/data/bin/cmake -E cmake_link_script CMakeFiles/cmTC_3fed0.dir/link.txt --verbose=1
/usr/bin/cc -fPIC  -DCMAKE_HAVE_LIBC_PTHREAD    CMakeFiles/cmTC_3fed0.dir/src.c.o  -o cmTC_3fed0 
CMakeFiles/cmTC_3fed0.dir/src.c.o: In function `main':
src.c:(.text+0x2f): undefined reference to `pthread_create'
src.c:(.text+0x3b): undefined reference to `pthread_detach'
src.c:(.text+0x4c): undefined reference to `pthread_join'
src.c:(.text+0x60): undefined reference to `pthread_atfork'
collect2: error: ld returned 1 exit status
gmake[1]: *** [cmTC_3fed0] Error 1
gmake[1]: Leaving directory `/data1/victchen/single_round_banpick/build/CMakeFiles/CMakeTmp'
gmake: *** [cmTC_3fed0/fast] Error 2


Source file was:
#include <pthread.h>

void* test_func(void* data)
{
  return data;
}

int main(void)
{
  pthread_t thread;
  pthread_create(&thread, NULL, test_func, NULL);
  pthread_detach(thread);
  pthread_join(thread, NULL);
  pthread_atfork(NULL, NULL, NULL);
  pthread_exit(NULL);

  return 0;
}

Determining if the function pthread_create exists in the pthreads failed with the following output:
Change Dir: /data1/victchen/single_round_banpick/build/CMakeFiles/CMakeTmp

Run Build Command(s):/usr/bin/gmake cmTC_7311d/fast && /usr/bin/gmake -f CMakeFiles/cmTC_7311d.dir/build.make CMakeFiles/cmTC_7311d.dir/build
gmake[1]: Entering directory `/data1/victchen/single_round_banpick/build/CMakeFiles/CMakeTmp'
Building C object CMakeFiles/cmTC_7311d.dir/CheckFunctionExists.c.o
/usr/bin/cc   -fPIC  -DCHECK_FUNCTION_EXISTS=pthread_create   -o CMakeFiles/cmTC_7311d.dir/CheckFunctionExists.c.o   -c /usr/local/lib/python3.5/site-packages/cmake/data/share/cmake-3.16/Modules/CheckFunctionExists.c
Linking C executable cmTC_7311d
/usr/local/lib/python3.5/site-packages/cmake/data/bin/cmake -E cmake_link_script CMakeFiles/cmTC_7311d.dir/link.txt --verbose=1
/usr/bin/cc -fPIC  -DCHECK_FUNCTION_EXISTS=pthread_create    CMakeFiles/cmTC_7311d.dir/CheckFunctionExists.c.o  -o cmTC_7311d  -lpthreads 
/usr/bin/ld: cannot find -lpthreads
collect2: error: ld returned 1 exit status
gmake[1]: *** [cmTC_7311d] Error 1
gmake[1]: Leaving directory `/data1/victchen/single_round_banpick/build/CMakeFiles/CMakeTmp'
gmake: *** [cmTC_7311d/fast] Error 2



